0 info it worked if it ends with ok
1 verbose cli [ '/Users/mjaiswal/.nvm/v5.2.0/bin/node',
1 verbose cli   '/Users/mjaiswal/.nvm/v5.2.0/bin/npm',
1 verbose cli   'start' ]
2 info using npm@3.3.12
3 info using node@v5.2.0
4 verbose run-script [ 'prestart', 'start', 'poststart' ]
5 info lifecycle Project-MockRestAPI@0.0.0~prestart: Project-MockRestAPI@0.0.0
6 silly lifecycle Project-MockRestAPI@0.0.0~prestart: no script for prestart, continuing
7 info lifecycle Project-MockRestAPI@0.0.0~start: Project-MockRestAPI@0.0.0
8 verbose lifecycle Project-MockRestAPI@0.0.0~start: unsafe-perm in lifecycle true
9 verbose lifecycle Project-MockRestAPI@0.0.0~start: PATH: /Users/mjaiswal/.nvm/v5.2.0/lib/node_modules/npm/bin/node-gyp-bin:/Users/mjaiswal/Organized/Career/Projects/Project-MockRestAPI/node_modules/.bin:/Users/mjaiswal/packages/apache-maven-2.2.1/bin:/usr/local/mysql/bin:/usr/local/apache-ant/bin:/usr/local/apache-ant/bin:/usr/local/Cellar/android-sdk/22.3/tools:/usr/local/Cellar/android-sdk/22.3/platform-tools:/Users/mjaiswal/.nvm/v5.2.0/bin:/usr/local/bin:/usr/bin:/bin:/usr/sbin:/sbin:/opt/X11/bin
10 verbose lifecycle Project-MockRestAPI@0.0.0~start: CWD: /Users/mjaiswal/Organized/Career/Projects/Project-MockRestAPI
11 silly lifecycle Project-MockRestAPI@0.0.0~start: Args: [ '-c', 'node ./bin/www' ]
12 silly lifecycle Project-MockRestAPI@0.0.0~start: Returned: code: 1  signal: null
13 info lifecycle Project-MockRestAPI@0.0.0~start: Failed to exec start script
14 verbose stack Error: Project-MockRestAPI@0.0.0 start: `node ./bin/www`
14 verbose stack Exit status 1
14 verbose stack     at EventEmitter.<anonymous> (/Users/mjaiswal/.nvm/v5.2.0/lib/node_modules/npm/lib/utils/lifecycle.js:232:16)
14 verbose stack     at emitTwo (events.js:88:13)
14 verbose stack     at EventEmitter.emit (events.js:173:7)
14 verbose stack     at ChildProcess.<anonymous> (/Users/mjaiswal/.nvm/v5.2.0/lib/node_modules/npm/lib/utils/spawn.js:24:14)
14 verbose stack     at emitTwo (events.js:88:13)
14 verbose stack     at ChildProcess.emit (events.js:173:7)
14 verbose stack     at maybeClose (internal/child_process.js:819:16)
14 verbose stack     at Process.ChildProcess._handle.onexit (internal/child_process.js:212:5)
15 verbose pkgid Project-MockRestAPI@0.0.0
16 verbose cwd /Users/mjaiswal/Organized/Career/Projects/Project-MockRestAPI
17 error Darwin 14.5.0
18 error argv "/Users/mjaiswal/.nvm/v5.2.0/bin/node" "/Users/mjaiswal/.nvm/v5.2.0/bin/npm" "start"
19 error node v5.2.0
20 error npm  v3.3.12
21 error code ELIFECYCLE
22 error Project-MockRestAPI@0.0.0 start: `node ./bin/www`
22 error Exit status 1
23 error Failed at the Project-MockRestAPI@0.0.0 start script 'node ./bin/www'.
23 error Make sure you have the latest version of node.js and npm installed.
23 error If you do, this is most likely a problem with the Project-MockRestAPI package,
23 error not with npm itself.
23 error Tell the author that this fails on your system:
23 error     node ./bin/www
23 error You can get their info via:
23 error     npm owner ls Project-MockRestAPI
23 error There is likely additional logging output above.
24 verbose exit [ 1, true ]
